#
# A fatal error has been detected by the Java Runtime Environment:
#
#  EXCEPTION_ACCESS_VIOLATION (0xc0000005) at pc=0x00007ffbc4ba6b07, pid=14572, tid=10820
#
# JRE version: OpenJDK Runtime Environment Corretto-21.0.5.11.1 (21.0.5+11) (build 21.0.5+11-LTS)
# Java VM: OpenJDK 64-Bit Server VM Corretto-21.0.5.11.1 (21.0.5+11-LTS, mixed mode, sharing, tiered, compressed oops, compressed class ptrs, g1 gc, windows-amd64)
# Problematic frame:
# C  [glass.dll+0x26b07]
#
# No core dump will be written. Minidumps are not enabled by default on client versions of Windows
#
# If you would like to submit a bug report, please visit:
#   https://github.com/corretto/corretto-21/issues/
#

---------------  S U M M A R Y ------------

Command Line: -javaagent:C:\Program Files\JetBrains\IntelliJ IDEA 2024.3.1\lib\idea_rt.jar=57772:C:\Program Files\JetBrains\IntelliJ IDEA 2024.3.1\bin -Dfile.encoding=UTF-8 -Dsun.stdout.encoding=UTF-8 -Dsun.stderr.encoding=UTF-8 --module-path=C:\Users\dawid\.m2\repository\org\kordamp\ikonli\ikonli-core\12.3.1\ikonli-core-12.3.1.jar;C:\Users\dawid\.m2\repository\org\controlsfx\controlsfx\11.2.1\controlsfx-11.2.1.jar;C:\Users\dawid\.m2\repository\org\slf4j\slf4j-api\2.0.9\slf4j-api-2.0.9.jar;C:\Users\dawid\.m2\repository\com\dlsc\formsfx\formsfx-core\11.6.0\formsfx-core-11.6.0.jar;C:\Users\dawid\.m2\repository\org\openjfx\javafx-web\17.0.6\javafx-web-17.0.6-win.jar;C:\Users\dawid\.m2\repository\org\openjfx\javafx-media\21.0.2\javafx-media-21.0.2-win.jar;C:\Users\dawid\.m2\repository\net\synedra\validatorfx\0.5.0\validatorfx-0.5.0.jar;C:\Users\dawid\.m2\repository\org\openjfx\javafx-fxml\17.0.6\javafx-fxml-17.0.6-win.jar;C:\Users\dawid\.m2\repository\org\xerial\sqlite-jdbc\3.43.2.0\sqlite-jdbc-3.43.2.0.jar;C:\Users\dawid\.m2\repository\org\kordamp\bootstrapfx\bootstrapfx-core\0.4.0\bootstrapfx-core-0.4.0.jar;C:\Users\dawid\.m2\repository\org\openjfx\javafx-graphics\17.0.6\javafx-graphics-17.0.6-win.jar;C:\Users\dawid\IdeaProjects\MementoMori\target\classes;C:\Users\dawid\.m2\repository\org\openjfx\javafx-controls\17.0.6\javafx-controls-17.0.6-win.jar;C:\Users\dawid\.m2\repository\org\openjfx\javafx-base\17.0.6\javafx-base-17.0.6-win.jar;C:\Users\dawid\.m2\repository\org\kordamp\ikonli\ikonli-javafx\12.3.1\ikonli-javafx-12.3.1.jar -Djdk.module.main=com.example.mementomori com.example.mementomori/com.example.mementomori.MementoMori

Host: 11th Gen Intel(R) Core(TM) i5-11400H @ 2.70GHz, 12 cores, 15G,  Windows 11 , 64 bit Build 22621 (10.0.22621.4391)
Time: Mon Jan 13 14:16:28 2025  Windows 11 , 64 bit Build 22621 (10.0.22621.4391) elapsed time: 88.265090 seconds (0d 0h 1m 28s)

---------------  T H R E A D  ---------------

Current thread (0x00000236fd774d80):  VMThread "VM Thread"          [id=10820, stack(0x00000095c4300000,0x00000095c4400000) (1024K)]

Stack: [0x00000095c4300000,0x00000095c4400000],  sp=0x00000095c43fee30,  free space=1019k
Native frames: (J=compiled Java code, j=interpreted, Vv=VM code, C=native code)
C  [glass.dll+0x26b07]


siginfo: EXCEPTION_ACCESS_VIOLATION (0xc0000005), reading address 0x0000000000000000


Registers:
RAX=0x0000000000000000, RBX=0x00000236fd782c7a, RCX=0x00000236fd774d80, RDX=0x00000095c43fee30
RSP=0x00000095c43fee30, RBP=0x00000236ff1929d8, RSI=0x00000095c43fef38, RDI=0x00000236ff1929b0
R8 =0x0000000000010002, R9 =0x00000236ff1929b0, R10=0x85f13e9656da4870, R11=0x00000095c43fedc0
R12=0x00007ffbc4ba43d4, R13=0x00007ffb70a141c0, R14=0x0000845778abdb82, R15=0x00000236ff1929b0
RIP=0x00007ffbc4ba6b07, EFLAGS=0x0000000000010206


Register to memory mapping:

RAX=0x0 is null
RBX=0x00000236fd782c7a is a global jni handle
RCX=0x00000236fd774d80 points into unknown readable memory: 0x00007ffb708134e0 | e0 34 81 70 fb 7f 00 00
RDX=0x00000095c43fee30 points into unknown readable memory: 0x0000000000000000 | 00 00 00 00 00 00 00 00
RSP=0x00000095c43fee30 points into unknown readable memory: 0x0000000000000000 | 00 00 00 00 00 00 00 00
RBP=0x00000236ff1929d8 points into unknown readable memory: 0x0000845778abdb82 | 82 db ab 78 57 84 00 00
RSI=0x00000095c43fef38 points into unknown readable memory: 0x00000095c43fef20 | 20 ef 3f c4 95 00 00 00
RDI=0x00000236ff1929b0 points into unknown readable memory: 0x00017bb86a432032 | 32 20 43 6a b8 7b 01 00
R8 =0x0000000000010002 is an unknown value
R9 =0x00000236ff1929b0 points into unknown readable memory: 0x00017bb86a432032 | 32 20 43 6a b8 7b 01 00
R10=0x85f13e9656da4870 is an unknown value
R11=0x00000095c43fedc0 points into unknown readable memory: 0x00000236ff1929b0 | b0 29 19 ff 36 02 00 00
R12=0x00007ffbc4ba43d4 glass.dll
R13=0x00007ffb70a141c0 jvm.dll
R14=0x0000845778abdb82 is an unknown value
R15=0x00000236ff1929b0 points into unknown readable memory: 0x00017bb86a432032 | 32 20 43 6a b8 7b 01 00

Top of Stack: (sp=0x00000095c43fee30)
0x00000095c43fee30:   0000000000000000 00000095c43fef38
0x00000095c43fee40:   00007ffb70a141c0 00007ffbc4ba43d4
0x00000095c43fee50:   00000236ff1929b8 00007ffbcc713a93
0x00000095c43fee60:   00000236ff1929b0 0000023600000000
0x00000095c43fee70:   00000236ff1929d8 00000095c43fef38
0x00000095c43fee80:   fffffffffffffffe 0000000000000000
0x00000095c43fee90:   0000000000000001 00007ffbc4b80000
0x00000095c43feea0:   00000095c43fef28 00007ffbcc6e042e
0x00000095c43feeb0:   0000000000000000 00000095c43fef38
0x00000095c43feec0:   00000095c43ff220 0000000000000001
0x00000095c43feed0:   0000000000000001 00007ffbcc6ddddd
0x00000095c43feee0:   0000000000000000 00007ffbc4ba3bcd
0x00000095c43feef0:   00007ffb3b58a6d0 00000095c43fef28
0x00000095c43fef00:   fffffffffffffffe 00000095c43feef0
0x00000095c43fef10:   0000000000000000 00007ffbc4ba4261
0x00000095c43fef20:   00007ffbc4bba138 00007ffb00000002
0x00000095c43fef30:   0000000000000002 00000095c43fef20
0x00000095c43fef40:   0000000000000000 00007ffbcec78af3
0x00000095c43fef50:   0000000000000000 00007ffbc4ba4386
0x00000095c43fef60:   0000000000000001 00007ffba899125d
0x00000095c43fef70:   0000009500000001 0000000000000001
0x00000095c43fef80:   0000000000000001 00007ffbcc6d364b
0x00000095c43fef90:   00007ffb00000001 0000000000000000
0x00000095c43fefa0:   00007ffbc4b80000 000000007ffe0384
0x00000095c43fefb0:   0000000000000000 00007ffbcec78b8f
0x00000095c43fefc0:   00007ffbc4b80000 0000000000000000
0x00000095c43fefd0:   0000000000000001 000000007ffe0385
0x00000095c43fefe0:   00007ffbced87940 00007ffb8b2406bc
0x00000095c43feff0:   000089f80e652d00 00007ffb8b1f0000
0x00000095c43ff000:   00007ffbc4ba43d4 0000000000000000
0x00000095c43ff010:   0000000000000000 00000095c378c000
0x00000095c43ff020:   00000236ff10efe0 00007ffbceca1596 

Instructions: (pc=0x00007ffbc4ba6b07)
0x00007ffbc4ba6a07:   8b 4d 58 e8 01 cf ff ff 48 8b 4d 60 e8 f8 ce ff
0x00007ffbc4ba6a17:   ff 48 8b 95 80 00 00 00 48 8b 8d 18 01 00 00 e8
0x00007ffbc4ba6a27:   c6 c3 ff ff 33 d2 33 c9 e8 3c e1 ff ff 90 48 89
0x00007ffbc4ba6a37:   54 24 10 55 48 83 ec 20 48 8b ea 48 b8 00 00 00
0x00007ffbc4ba6a47:   00 00 00 00 00 48 83 c4 20 5d c3 cc 40 55 48 8b
0x00007ffbc4ba6a57:   ea 48 8b 01 33 c9 81 38 05 00 00 c0 0f 94 c1 8b
0x00007ffbc4ba6a67:   c1 5d c3 cc 40 55 48 83 ec 20 48 8b ea 8a 4d 40
0x00007ffbc4ba6a77:   48 83 c4 20 5d e9 f7 d2 ff ff cc 40 55 48 83 ec
0x00007ffbc4ba6a87:   20 48 8b ea 8a 4d 20 e8 e5 d2 ff ff 90 48 83 c4
0x00007ffbc4ba6a97:   20 5d c3 cc 40 55 48 83 ec 20 48 8b ea 48 83 c4
0x00007ffbc4ba6aa7:   20 5d e9 46 d1 ff ff cc 40 55 48 83 ec 30 48 8b
0x00007ffbc4ba6ab7:   ea 48 8b 01 8b 10 48 89 4c 24 28 89 54 24 20 4c
0x00007ffbc4ba6ac7:   8d 0d e7 d5 ff ff 4c 8b 45 70 8b 55 68 48 8b 4d
0x00007ffbc4ba6ad7:   60 e8 87 d0 ff ff 90 48 83 c4 30 5d c3 cc cc cc
0x00007ffbc4ba6ae7:   cc cc cc cc cc cc cc cc cc 40 53 48 83 ec 20 48
0x00007ffbc4ba6af7:   8b 1d 33 30 01 00 48 85 db 74 16 e8 09 8b ff ff
0x00007ffbc4ba6b07:   4c 8b 00 48 8b d3 48 8b c8 41 ff 90 b0 00 00 00
0x00007ffbc4ba6b17:   90 48 83 c4 20 5b c3 cc cc 40 53 48 83 ec 20 48
0x00007ffbc4ba6b27:   8b 1d ab 31 01 00 48 85 db 74 57 b8 ff ff ff ff
0x00007ffbc4ba6b37:   f0 0f c1 43 10 83 f8 01 75 3d 48 85 db 74 38 48
0x00007ffbc4ba6b47:   8b 0b 48 85 c9 74 0d ff 15 54 07 00 00 48 c7 03
0x00007ffbc4ba6b57:   00 00 00 00 48 8b 4b 08 48 85 c9 74 0d e8 a7 cd
0x00007ffbc4ba6b67:   ff ff 48 c7 43 08 00 00 00 00 ba 18 00 00 00 48
0x00007ffbc4ba6b77:   8b cb e8 92 cd ff ff 48 c7 05 4f 31 01 00 00 00
0x00007ffbc4ba6b87:   00 00 48 83 c4 20 5b c3 cc 40 53 48 83 ec 20 48
0x00007ffbc4ba6b97:   8b 1d 1b 31 01 00 48 85 db 74 57 b8 ff ff ff ff
0x00007ffbc4ba6ba7:   f0 0f c1 43 10 83 f8 01 75 3d 48 85 db 74 38 48
0x00007ffbc4ba6bb7:   8b 0b 48 85 c9 74 0d ff 15 e4 06 00 00 48 c7 03
0x00007ffbc4ba6bc7:   00 00 00 00 48 8b 4b 08 48 85 c9 74 0d e8 37 cd
0x00007ffbc4ba6bd7:   ff ff 48 c7 43 08 00 00 00 00 ba 18 00 00 00 48
0x00007ffbc4ba6be7:   8b cb e8 22 cd ff ff 48 c7 05 bf 30 01 00 00 00
0x00007ffbc4ba6bf7:   00 00 48 83 c4 20 5b c3 cc 40 53 48 83 ec 20 48 


Stack slot to memory mapping:

stack at sp + 0 slots: 0x0 is null
stack at sp + 1 slots: 0x00000095c43fef38 points into unknown readable memory: 0x00000095c43fef20 | 20 ef 3f c4 95 00 00 00
stack at sp + 2 slots: 0x00007ffb70a141c0 jvm.dll
stack at sp + 3 slots: 0x00007ffbc4ba43d4 glass.dll
stack at sp + 4 slots: 0x00000236ff1929b8 points into unknown readable memory: 0x0000845778abdb82 | 82 db ab 78 57 84 00 00
stack at sp + 5 slots: 0x00007ffbcc713a93 ucrtbase.dll
stack at sp + 6 slots: 0x00000236ff1929b0 points into unknown readable memory: 0x00017bb86a432032 | 32 20 43 6a b8 7b 01 00
stack at sp + 7 slots: 0x0000023600000000 is an unknown value

VM_Operation (0x00000095c39ff340): Exit, mode: safepoint, requested by thread 0x00000236fe8e6e40


---------------  P R O C E S S  ---------------

Threads class SMR info:
_java_thread_list=0x00000236febaad90, length=24, elements={
0x00000236eb781cd0, 0x00000236fe0345d0, 0x00000236fe0355b0, 0x00000236fe036f70,
0x00000236fe0399d0, 0x00000236fe03a4f0, 0x00000236fe03d890, 0x00000236fe055fd0,
0x00000236fe056a60, 0x00000236fe13ff80, 0x00000236ff198ae0, 0x00000236fee68b00,
0x00000236feccd3c0, 0x00000236ff960fe0, 0x00000236fef3ef20, 0x00000236ff417800,
0x00000236fe8f95e0, 0x00000236ff361310, 0x00000236fe8f4c40, 0x00000236fe8e5a90,
0x00000236fe8e67b0, 0x00000236fe8e81f0, 0x00000236fe8e6120, 0x00000236fe8e6e40
}

Java Threads: ( => current thread )
  0x00000236eb781cd0 JavaThread "main"                              [_thread_blocked, id=3080, stack(0x00000095c3c00000,0x00000095c3d00000) (1024K)]
  0x00000236fe0345d0 JavaThread "Reference Handler"          daemon [_thread_blocked, id=8768, stack(0x00000095c4400000,0x00000095c4500000) (1024K)]
  0x00000236fe0355b0 JavaThread "Finalizer"                  daemon [_thread_blocked, id=7572, stack(0x00000095c4500000,0x00000095c4600000) (1024K)]
  0x00000236fe036f70 JavaThread "Signal Dispatcher"          daemon [_thread_blocked, id=10308, stack(0x00000095c4600000,0x00000095c4700000) (1024K)]
  0x00000236fe0399d0 JavaThread "Attach Listener"            daemon [_thread_blocked, id=12080, stack(0x00000095c4700000,0x00000095c4800000) (1024K)]
  0x00000236fe03a4f0 JavaThread "Service Thread"             daemon [_thread_blocked, id=1940, stack(0x00000095c4800000,0x00000095c4900000) (1024K)]
  0x00000236fe03d890 JavaThread "Monitor Deflation Thread"   daemon [_thread_blocked, id=22580, stack(0x00000095c4900000,0x00000095c4a00000) (1024K)]
  0x00000236fe055fd0 JavaThread "C2 CompilerThread0"         daemon [_thread_blocked, id=5704, stack(0x00000095c4a00000,0x00000095c4b00000) (1024K)]
  0x00000236fe056a60 JavaThread "C1 CompilerThread0"         daemon [_thread_blocked, id=7040, stack(0x00000095c4b00000,0x00000095c4c00000) (1024K)]
  0x00000236fe13ff80 JavaThread "Common-Cleaner"             daemon [_thread_blocked, id=16264, stack(0x00000095c4c00000,0x00000095c4d00000) (1024K)]
  0x00000236ff198ae0 JavaThread "Monitor Ctrl-Break"         daemon [_thread_in_native, id=17604, stack(0x00000095c4f00000,0x00000095c5000000) (1024K)]
  0x00000236fee68b00 JavaThread "Notification Thread"        daemon [_thread_blocked, id=22156, stack(0x00000095c5000000,0x00000095c5100000) (1024K)]
  0x00000236feccd3c0 JavaThread "QuantumRenderer-0"          daemon [_thread_blocked, id=9728, stack(0x00000095c5900000,0x00000095c5a00000) (1024K)]
  0x00000236ff960fe0 JavaThread "RMI TCP Accept-0"           daemon [_thread_in_native, id=18596, stack(0x00000095c5b00000,0x00000095c5c00000) (1024K)]
  0x00000236fef3ef20 JavaThread "RMI TCP Connection(1)-192.168.0.253" daemon [_thread_in_native, id=22740, stack(0x00000095c5c00000,0x00000095c5d00000) (1024K)]
  0x00000236ff417800 JavaThread "RMI Scheduler(0)"           daemon [_thread_blocked, id=4328, stack(0x00000095c5d00000,0x00000095c5e00000) (1024K)]
  0x00000236fe8f95e0 JavaThread "JMX server connection timeout 35" daemon [_thread_blocked, id=17672, stack(0x00000095c5e00000,0x00000095c5f00000) (1024K)]
  0x00000236ff361310 JavaThread "InvokeLaterDispatcher"      daemon [_thread_blocked, id=17908, stack(0x00000095c5f00000,0x00000095c6000000) (1024K)]
  0x00000236fe8f4c40 JavaThread "JavaFX Application Thread"         [_thread_in_native, id=19044, stack(0x00000095c6000000,0x00000095c6100000) (1024K)]
  0x00000236fe8e5a90 JavaThread "JavaFX-Launcher"                   [_thread_blocked, id=9996, stack(0x00000095c6300000,0x00000095c6400000) (1024K)]
  0x00000236fe8e67b0 JavaThread "Thread-2"                   daemon [_thread_in_native, id=21568, stack(0x00000095c4d00000,0x00000095c4e00000) (1024K)]
  0x00000236fe8e81f0 JavaThread "Prism Font Disposer"        daemon [_thread_blocked, id=11452, stack(0x00000095c6500000,0x00000095c6600000) (1024K)]
  0x00000236fe8e6120 JavaThread "Cleaner-0"                  daemon [_thread_blocked, id=15848, stack(0x00000095c6e00000,0x00000095c6f00000) (1024K)]
  0x00000236fe8e6e40 JavaThread "SIGINT handler"             daemon [_thread_blocked, id=16868, stack(0x00000095c3900000,0x00000095c3a00000) (1024K)]
Total: 24

Other Threads:
=>0x00000236fd774d80 VMThread "VM Thread"                           [id=10820, stack(0x00000095c4300000,0x00000095c4400000) (1024K)]
  0x00000236eb7ea3d0 WorkerThread "GC Thread#0"                     [id=10084, stack(0x00000095c3d00000,0x00000095c3e00000) (1024K)]
  0x00000236feeed600 WorkerThread "GC Thread#1"                     [id=22176, stack(0x00000095c5100000,0x00000095c5200000) (1024K)]
  0x00000236feeed9a0 WorkerThread "GC Thread#2"                     [id=5672, stack(0x00000095c5200000,0x00000095c5300000) (1024K)]
  0x00000236ff837070 WorkerThread "GC Thread#3"                     [id=20744, stack(0x00000095c5300000,0x00000095c5400000) (1024K)]
  0x00000236ff837890 WorkerThread "GC Thread#4"                     [id=9000, stack(0x00000095c5400000,0x00000095c5500000) (1024K)]
  0x00000236ff8380b0 WorkerThread "GC Thread#5"                     [id=16412, stack(0x00000095c5500000,0x00000095c5600000) (1024K)]
  0x00000236fed41c30 WorkerThread "GC Thread#6"                     [id=12864, stack(0x00000095c5600000,0x00000095c5700000) (1024K)]
  0x00000236fed41fd0 WorkerThread "GC Thread#7"                     [id=14276, stack(0x00000095c5700000,0x00000095c5800000) (1024K)]
  0x00000236fed42370 WorkerThread "GC Thread#8"                     [id=20956, stack(0x00000095c5800000,0x00000095c5900000) (1024K)]
  0x00000236ff3a0d30 WorkerThread "GC Thread#9"                     [id=10500, stack(0x00000095c6400000,0x00000095c6500000) (1024K)]
  0x00000236eb7fb2c0 ConcurrentGCThread "G1 Main Marker"            terminated
  0x00000236eb7fc560 WorkerThread "G1 Conc#0"                       [id=19724, stack(0x00000095c3f00000,0x00000095c4000000) (1024K)]
  0x00000236d9f0c4a0 WorkerThread "G1 Conc#1"                       [id=21616, stack(0x00000095c6600000,0x00000095c6700000) (1024K)]
  0x00000236d9ab4f50 WorkerThread "G1 Conc#2"                       [id=19196, stack(0x00000095c6f00000,0x00000095c7000000) (1024K)]
  0x00000236eb83eac0 ConcurrentGCThread "G1 Refine#0"               terminated
  0x00000236fd6137d0 ConcurrentGCThread "G1 Service"                terminated
Total: 17

Threads with active compile tasks:
Total: 0

VM state: at safepoint (shutting down)

VM Mutex/Monitor currently owned by a thread:  ([mutex/lock_event])
[0x00007ffb709ec320] Threads_lock - owner thread: 0x00000236fd774d80
[0x00007ffb709ec420] Heap_lock - owner thread: 0x00000236fe8e6e40

Heap address: 0x0000000703600000, size: 4042 MB, Compressed Oops mode: Zero based, Oop shift amount: 3

CDS archive(s) mapped at: [0x000002368f000000-0x000002368fc80000-0x000002368fc80000), size 13107200, SharedBaseAddress: 0x000002368f000000, ArchiveRelocationMode: 1.
Compressed class space mapped at: 0x0000023690000000-0x00000236d0000000, reserved size: 1073741824
Narrow klass base: 0x000002368f000000, Narrow klass shift: 0, Narrow klass range: 0x100000000

GC Precious Log:
 CardTable entry size: 512
 Card Set container configuration: InlinePtr #cards 4 size 8 Array Of Cards #cards 16 size 48 Howl #buckets 8 coarsen threshold 3686 Howl Bitmap #cards 512 size 80 coarsen threshold 460 Card regions per heap region 1 cards per card region 4096
 CPUs: 12 total, 12 available
 Memory: 16163M
 Large Page Support: Disabled
 NUMA Support: Disabled
 Compressed Oops: Enabled (Zero based)
 Heap Region Size: 2M
 Heap Min Capacity: 8M
 Heap Initial Capacity: 254M
 Heap Max Capacity: 4042M
 Pre-touch: Disabled
 Parallel Workers: 10
 Concurrent Workers: 3
 Concurrent Refinement Workers: 10
 Periodic GC: Disabled

Heap:
 garbage-first heap   total 49152K, used 34969K [0x0000000703600000, 0x0000000800000000)
  region size 2048K, 16 young (32768K), 4 survivors (8192K)
 Metaspace       used 23476K, committed 23936K, reserved 1114112K
  class space    used 3138K, committed 3392K, reserved 1048576K

Heap Regions: E=young(eden), S=young(survivor), O=old, HS=humongous(starts), HC=humongous(continues), CS=collection set, F=free, TAMS=top-at-mark-start, PB=parsable bottom
|   0|0x0000000703600000, 0x0000000703800000, 0x0000000703800000|100%| O|  |TAMS 0x0000000703600000| PB 0x0000000703600000| Untracked 
|   1|0x0000000703800000, 0x0000000703996c40, 0x0000000703a00000| 79%| O|Cm|TAMS 0x0000000703800000| PB 0x0000000703800000| Complete 
|   2|0x0000000703a00000, 0x0000000703c00000, 0x0000000703c00000|100%|HS|  |TAMS 0x0000000703a00000| PB 0x0000000703a00000| Complete 
|   3|0x0000000703c00000, 0x0000000703c00000, 0x0000000703e00000|  0%| F|  |TAMS 0x0000000703c00000| PB 0x0000000703c00000| Untracked 
|   4|0x0000000703e00000, 0x0000000703e00000, 0x0000000704000000|  0%| F|  |TAMS 0x0000000703e00000| PB 0x0000000703e00000| Untracked 
|   5|0x0000000704000000, 0x0000000704000000, 0x0000000704200000|  0%| F|  |TAMS 0x0000000704000000| PB 0x0000000704000000| Untracked 
|   6|0x0000000704200000, 0x0000000704200000, 0x0000000704400000|  0%| F|  |TAMS 0x0000000704200000| PB 0x0000000704200000| Untracked 
|   7|0x0000000704400000, 0x0000000704400000, 0x0000000704600000|  0%| F|  |TAMS 0x0000000704400000| PB 0x0000000704400000| Untracked 
|   8|0x0000000704600000, 0x00000007046f5c90, 0x0000000704800000| 48%| E|  |TAMS 0x0000000704600000| PB 0x0000000704600000| Complete 
|   9|0x0000000704800000, 0x0000000704a00000, 0x0000000704a00000|100%| E|CS|TAMS 0x0000000704800000| PB 0x0000000704800000| Complete 
|  10|0x0000000704a00000, 0x0000000704c00000, 0x0000000704c00000|100%| E|CS|TAMS 0x0000000704a00000| PB 0x0000000704a00000| Complete 
|  11|0x0000000704c00000, 0x0000000704e00000, 0x0000000704e00000|100%| E|CS|TAMS 0x0000000704c00000| PB 0x0000000704c00000| Complete 
|  12|0x0000000704e00000, 0x0000000705000000, 0x0000000705000000|100%| E|CS|TAMS 0x0000000704e00000| PB 0x0000000704e00000| Complete 
|  13|0x0000000705000000, 0x0000000705200000, 0x0000000705200000|100%| E|CS|TAMS 0x0000000705000000| PB 0x0000000705000000| Complete 
|  14|0x0000000705200000, 0x0000000705400000, 0x0000000705400000|100%| E|CS|TAMS 0x0000000705200000| PB 0x0000000705200000| Complete 
|  15|0x0000000705400000, 0x0000000705600000, 0x0000000705600000|100%| E|CS|TAMS 0x0000000705400000| PB 0x0000000705400000| Complete 
|  16|0x0000000705600000, 0x0000000705800000, 0x0000000705800000|100%| E|CS|TAMS 0x0000000705600000| PB 0x0000000705600000| Complete 
|  17|0x0000000705800000, 0x0000000705a00000, 0x0000000705a00000|100%| E|CS|TAMS 0x0000000705800000| PB 0x0000000705800000| Complete 
|  18|0x0000000705a00000, 0x0000000705c00000, 0x0000000705c00000|100%| E|CS|TAMS 0x0000000705a00000| PB 0x0000000705a00000| Complete 
| 104|0x0000000710600000, 0x000000071068f9c0, 0x0000000710800000| 28%| S|CS|TAMS 0x0000000710600000| PB 0x0000000710600000| Complete 
| 105|0x0000000710800000, 0x0000000710a00000, 0x0000000710a00000|100%| S|CS|TAMS 0x0000000710800000| PB 0x0000000710800000| Complete 
| 106|0x0000000710a00000, 0x0000000710c00000, 0x0000000710c00000|100%| S|CS|TAMS 0x0000000710a00000| PB 0x0000000710a00000| Complete 
| 109|0x0000000711000000, 0x0000000711200000, 0x0000000711200000|100%| S|CS|TAMS 0x0000000711000000| PB 0x0000000711000000| Complete 
| 126|0x0000000713200000, 0x0000000713400000, 0x0000000713400000|100%| E|CS|TAMS 0x0000000713200000| PB 0x0000000713200000| Complete 

Card table byte_map: [0x00000236f6ab0000,0x00000236f72a0000] _byte_map_base: 0x00000236f3295000

Marking Bits: (CMBitMap*) 0x00000236eb7eaad0
 Bits: [0x00000236f72a0000, 0x00000236fb1c8000)

Polling page: 0x00000236eb840000

Metaspace:

Usage:
  Non-class:     19.86 MB used.
      Class:      3.07 MB used.
       Both:     22.93 MB used.

Virtual space:
  Non-class space:       64.00 MB reserved,      20.06 MB ( 31%) committed,  1 nodes.
      Class space:        1.00 GB reserved,       3.31 MB ( <1%) committed,  1 nodes.
             Both:        1.06 GB reserved,      23.38 MB (  2%) committed. 

Chunk freelists:
   Non-Class:  11.82 MB
       Class:  12.60 MB
        Both:  24.42 MB

MaxMetaspaceSize: unlimited
CompressedClassSpaceSize: 1.00 GB
Initial GC threshold: 21.00 MB
Current GC threshold: 35.12 MB
CDS: on
 - commit_granule_bytes: 65536.
 - commit_granule_words: 8192.
 - virtual_space_node_default_size: 8388608.
 - enlarge_chunks_in_place: 1.
 - use_allocation_guard: 0.


Internal statistics:

num_allocs_failed_limit: 3.
num_arena_births: 608.
num_arena_deaths: 0.
num_vsnodes_births: 2.
num_vsnodes_deaths: 0.
num_space_committed: 374.
num_space_uncommitted: 0.
num_chunks_returned_to_freelist: 3.
num_chunks_taken_from_freelist: 1322.
num_chunk_merges: 3.
num_chunk_splits: 872.
num_chunks_enlarged: 569.
num_inconsistent_stats: 0.

CodeHeap 'non-profiled nmethods': size=120000Kb used=1846Kb max_used=1846Kb free=118153Kb
 bounds [0x0000023687ad0000, 0x0000023687d40000, 0x000002368f000000]
CodeHeap 'profiled nmethods': size=120000Kb used=8739Kb max_used=8739Kb free=111260Kb
 bounds [0x0000023680000000, 0x0000023680890000, 0x0000023687530000]
CodeHeap 'non-nmethods': size=5760Kb used=2133Kb max_used=2160Kb free=3626Kb
 bounds [0x0000023687530000, 0x00000236877a0000, 0x0000023687ad0000]
 total_blobs=5293 nmethods=4415 adapters=780
 compilation: enabled
              stopped_count=0, restarted_count=0
 full_count=0

Compilation events (20 events):
Event: 85.463 Thread 0x00000236fe056a60 4406   !   3       com.sun.jmx.remote.internal.ServerCommunicatorAdmin::rspOutgoing (76 bytes)
Event: 85.464 Thread 0x00000236fe056a60 nmethod 4406 0x0000023680880810 code [0x0000023680880a20, 0x0000023680881000]
Event: 85.464 Thread 0x00000236fe056a60 4407   !   3       sun.rmi.server.LoaderHandler::loadClass (334 bytes)
Event: 85.464 Thread 0x00000236fe056a60 nmethod 4407 0x0000023680881290 code [0x0000023680881600, 0x0000023680882b70]
Event: 85.952 Thread 0x00000236fe055fd0 4408       4       com.sun.javafx.tk.quantum.QuantumToolkit::postPulse (133 bytes)
Event: 85.953 Thread 0x00000236fe055fd0 nmethod 4408 0x0000023687c9c890 code [0x0000023687c9ca60, 0x0000023687c9cd40]
Event: 86.672 Thread 0x00000236fe055fd0 4409       4       com.sun.javafx.tk.quantum.QuantumToolkit$$Lambda/0x0000023690114828::run (8 bytes)
Event: 86.674 Thread 0x00000236fe055fd0 nmethod 4409 0x0000023687c9d010 code [0x0000023687c9d200, 0x0000023687c9d558]
Event: 87.491 Thread 0x00000236fe056a60 4410       3       java.lang.invoke.LambdaForm$DMH/0x0000023690108800::invokeInterface (33 bytes)
Event: 87.491 Thread 0x00000236fe056a60 nmethod 4410 0x0000023680883410 code [0x0000023680883600, 0x0000023680883e10]
Event: 87.491 Thread 0x00000236fe056a60 4411   !   3       javax.management.remote.rmi.RMIConnectionImpl::getAttribute (151 bytes)
Event: 87.492 Thread 0x00000236fe056a60 nmethod 4411 0x0000023680883f90 code [0x00000236808842e0, 0x0000023680885e48]
Event: 87.492 Thread 0x00000236fe056a60 4412       3       com.sun.jmx.mbeanserver.JmxMBeanServer::getAttribute (16 bytes)
Event: 87.492 Thread 0x00000236fe056a60 nmethod 4412 0x0000023680886610 code [0x0000023680886840, 0x0000023680886f60]
Event: 87.507 Thread 0x00000236fe056a60 4413       3       sun.nio.ch.SocketDispatcher::write (8 bytes)
Event: 87.508 Thread 0x00000236fe056a60 nmethod 4413 0x0000023680887210 code [0x00000236808873c0, 0x0000023680887500]
Event: 87.508 Thread 0x00000236fe056a60 4414       3       sun.nio.ch.NioSocketImpl::park (95 bytes)
Event: 87.508 Thread 0x00000236fe056a60 nmethod 4414 0x0000023680887590 code [0x00000236808877c0, 0x0000023680887f30]
Event: 87.508 Thread 0x00000236fe056a60 4415   !   3       sun.nio.ch.NioSocketImpl::tryWrite (78 bytes)
Event: 87.508 Thread 0x00000236fe056a60 nmethod 4415 0x0000023680888210 code [0x0000023680888420, 0x0000023680888988]

GC Heap History (6 events):
Event: 0.341 GC heap before
{Heap before GC invocations=0 (full 0):
 garbage-first heap   total 260096K, used 20480K [0x0000000703600000, 0x0000000800000000)
  region size 2048K, 11 young (22528K), 0 survivors (0K)
 Metaspace       used 5589K, committed 5824K, reserved 1114112K
  class space    used 607K, committed 704K, reserved 1048576K
}
Event: 0.348 GC heap after
{Heap after GC invocations=1 (full 0):
 garbage-first heap   total 260096K, used 3951K [0x0000000703600000, 0x0000000800000000)
  region size 2048K, 2 young (4096K), 2 survivors (4096K)
 Metaspace       used 5589K, committed 5824K, reserved 1114112K
  class space    used 607K, committed 704K, reserved 1048576K
}
Event: 0.952 GC heap before
{Heap before GC invocations=1 (full 0):
 garbage-first heap   total 260096K, used 34671K [0x0000000703600000, 0x0000000800000000)
  region size 2048K, 18 young (36864K), 2 survivors (4096K)
 Metaspace       used 14703K, committed 15168K, reserved 1114112K
  class space    used 1771K, committed 1984K, reserved 1048576K
}
Event: 0.956 GC heap after
{Heap after GC invocations=2 (full 0):
 garbage-first heap   total 260096K, used 7127K [0x0000000703600000, 0x0000000800000000)
  region size 2048K, 2 young (4096K), 2 survivors (4096K)
 Metaspace       used 14703K, committed 15168K, reserved 1114112K
  class space    used 1771K, committed 1984K, reserved 1048576K
}
Event: 6.902 GC heap before
{Heap before GC invocations=2 (full 0):
 garbage-first heap   total 260096K, used 39895K [0x0000000703600000, 0x0000000800000000)
  region size 2048K, 19 young (38912K), 2 survivors (4096K)
 Metaspace       used 21010K, committed 21504K, reserved 1114112K
  class space    used 2809K, committed 3008K, reserved 1048576K
}
Event: 6.904 GC heap after
{Heap after GC invocations=3 (full 0):
 garbage-first heap   total 260096K, used 12441K [0x0000000703600000, 0x0000000800000000)
  region size 2048K, 4 young (8192K), 4 survivors (8192K)
 Metaspace       used 21010K, committed 21504K, reserved 1114112K
  class space    used 2809K, committed 3008K, reserved 1048576K
}

Dll operation events (20 events):
Event: 0.281 Loaded shared library C:\Users\dawid\.openjfx\cache\17.0.6\api-ms-win-crt-locale-l1-1-0.dll
Event: 0.282 Loaded shared library C:\Users\dawid\.openjfx\cache\17.0.6\api-ms-win-crt-math-l1-1-0.dll
Event: 0.284 Loaded shared library C:\Users\dawid\.openjfx\cache\17.0.6\api-ms-win-crt-multibyte-l1-1-0.dll
Event: 0.286 Loaded shared library C:\Users\dawid\.openjfx\cache\17.0.6\api-ms-win-crt-private-l1-1-0.dll
Event: 0.288 Loaded shared library C:\Users\dawid\.openjfx\cache\17.0.6\api-ms-win-crt-process-l1-1-0.dll
Event: 0.290 Loaded shared library C:\Users\dawid\.openjfx\cache\17.0.6\api-ms-win-crt-runtime-l1-1-0.dll
Event: 0.292 Loaded shared library C:\Users\dawid\.openjfx\cache\17.0.6\api-ms-win-crt-stdio-l1-1-0.dll
Event: 0.294 Loaded shared library C:\Users\dawid\.openjfx\cache\17.0.6\api-ms-win-crt-string-l1-1-0.dll
Event: 0.296 Loaded shared library C:\Users\dawid\.openjfx\cache\17.0.6\api-ms-win-crt-time-l1-1-0.dll
Event: 0.298 Loaded shared library C:\Users\dawid\.openjfx\cache\17.0.6\api-ms-win-crt-utility-l1-1-0.dll
Event: 0.310 Loaded shared library C:\Users\dawid\.openjfx\cache\17.0.6\ucrtbase.dll
Event: 0.313 Loaded shared library C:\Users\dawid\.openjfx\cache\17.0.6\vcruntime140.dll
Event: 0.315 Loaded shared library C:\Users\dawid\.openjfx\cache\17.0.6\vcruntime140_1.dll
Event: 0.322 Loaded shared library C:\Users\dawid\.openjfx\cache\17.0.6\msvcp140.dll
Event: 0.324 Loaded shared library C:\Users\dawid\.openjfx\cache\17.0.6\msvcp140_1.dll
Event: 0.328 Loaded shared library C:\Users\dawid\.openjfx\cache\17.0.6\msvcp140_2.dll
Event: 0.361 Loaded shared library C:\Users\dawid\.openjfx\cache\17.0.6\prism_d3d.dll
Event: 0.501 Loaded shared library C:\Users\dawid\.openjfx\cache\17.0.6\glass.dll
Event: 0.826 Loaded shared library C:\Users\dawid\AppData\Local\Temp\sqlite-3.43.2.0-1b93a431-fdda-4157-912f-d1c665033641-sqlitejdbc.dll
Event: 0.942 Loaded shared library C:\Users\dawid\.openjfx\cache\17.0.6\javafx_font.dll

Deoptimization events (20 events):
Event: 12.150 Thread 0x00000236fe8f4c40 Uncommon trap: trap_request=0xffffffde fr.pc=0x0000023687c66c08 relative=0x00000000000000e8
Event: 12.150 Thread 0x00000236fe8f4c40 Uncommon trap: reason=class_check action=maybe_recompile pc=0x0000023687c66c08 method=javafx.scene.Scene.getRoot()Ljavafx/scene/Parent; @ 18 c2
Event: 12.150 Thread 0x00000236fe8f4c40 DEOPT PACKING pc=0x0000023687c66c08 sp=0x00000095c60fc630
Event: 12.150 Thread 0x00000236fe8f4c40 DEOPT UNPACKING pc=0x0000023687587da2 sp=0x00000095c60fc5c0 mode 2
Event: 12.154 Thread 0x00000236fe8f4c40 Uncommon trap: trap_request=0xffffffde fr.pc=0x0000023687c731d0 relative=0x00000000000019d0
Event: 12.154 Thread 0x00000236fe8f4c40 Uncommon trap: reason=class_check action=maybe_recompile pc=0x0000023687c731d0 method=javafx.scene.Scene.getRoot()Ljavafx/scene/Parent; @ 18 c2
Event: 12.154 Thread 0x00000236fe8f4c40 DEOPT PACKING pc=0x0000023687c731d0 sp=0x00000095c60fb930
Event: 12.154 Thread 0x00000236fe8f4c40 DEOPT UNPACKING pc=0x0000023687587da2 sp=0x00000095c60fb6a8 mode 2
Event: 12.158 Thread 0x00000236fe8f4c40 Uncommon trap: trap_request=0xffffff45 fr.pc=0x0000023687c6730c relative=0x000000000000006c
Event: 12.158 Thread 0x00000236fe8f4c40 Uncommon trap: reason=unstable_if action=reinterpret pc=0x0000023687c6730c method=java.util.Objects.equals(Ljava/lang/Object;Ljava/lang/Object;)Z @ 6 c2
Event: 12.158 Thread 0x00000236fe8f4c40 DEOPT PACKING pc=0x0000023687c6730c sp=0x00000095c60fbe30
Event: 12.158 Thread 0x00000236fe8f4c40 DEOPT UNPACKING pc=0x0000023687587da2 sp=0x00000095c60fbdd0 mode 2
Event: 13.047 Thread 0x00000236fe8f4c40 Uncommon trap: trap_request=0xffffff45 fr.pc=0x0000023687c505b4 relative=0x00000000000007d4
Event: 13.047 Thread 0x00000236fe8f4c40 Uncommon trap: reason=unstable_if action=reinterpret pc=0x0000023687c505b4 method=javafx.scene.Parent.getOrderedChildren()Ljava/util/List; @ 7 c2
Event: 13.047 Thread 0x00000236fe8f4c40 DEOPT PACKING pc=0x0000023687c505b4 sp=0x00000095c60f9180
Event: 13.047 Thread 0x00000236fe8f4c40 DEOPT UNPACKING pc=0x0000023687587da2 sp=0x00000095c60f9108 mode 2
Event: 14.092 Thread 0x00000236fe8f4c40 Uncommon trap: trap_request=0xffffff45 fr.pc=0x0000023687c48874 relative=0x0000000000000294
Event: 14.092 Thread 0x00000236fe8f4c40 Uncommon trap: reason=unstable_if action=reinterpret pc=0x0000023687c48874 method=javafx.scene.Node.pickNode(Lcom/sun/javafx/geom/PickRay;Lcom/sun/javafx/scene/input/PickResultChooser;)V @ 18 c2
Event: 14.092 Thread 0x00000236fe8f4c40 DEOPT PACKING pc=0x0000023687c48874 sp=0x00000095c60f8b40
Event: 14.092 Thread 0x00000236fe8f4c40 DEOPT UNPACKING pc=0x0000023687587da2 sp=0x00000095c60f8ab8 mode 2

Classes loaded (20 events):
Event: 6.122 Loading class java/text/BreakIterator$BreakIteratorCache
Event: 6.122 Loading class java/text/BreakIterator$BreakIteratorCache done
Event: 6.900 Loading class sun/invoke/util/VerifyAccess$1
Event: 6.900 Loading class sun/invoke/util/VerifyAccess$1 done
Event: 6.991 Loading class java/lang/FdLibm$Acos
Event: 6.991 Loading class java/lang/FdLibm$Acos done
Event: 9.880 Loading class java/lang/Byte$ByteCache
Event: 9.880 Loading class java/lang/Byte$ByteCache done
Event: 9.880 Loading class java/lang/Short$ShortCache
Event: 9.880 Loading class java/lang/Short$ShortCache done
Event: 9.885 Loading class java/util/regex/Pattern$SliceI
Event: 9.885 Loading class java/util/regex/Pattern$SliceI done
Event: 9.888 Loading class java/text/ParsePosition
Event: 9.888 Loading class java/text/ParsePosition done
Event: 9.888 Loading class java/time/format/DateTimeParseContext
Event: 9.888 Loading class java/time/format/DateTimeParseContext done
Event: 9.888 Loading class java/time/format/Parsed
Event: 9.888 Loading class java/time/format/Parsed done
Event: 87.744 Loading class jdk/internal/misc/Signal$1
Event: 87.744 Loading class jdk/internal/misc/Signal$1 done

Classes unloaded (0 events):
No events

Classes redefined (0 events):
No events

Internal exceptions (20 events):
Event: 1.119 Thread 0x00000236fe8f4c40 Exception <a 'java/lang/ClassNotFoundException'{0x00000007120731f0}: com/sun/javafx/scene/control/skin/resources/controls> (0x00000007120731f0) 
thrown [s\src\hotspot\share\prims\jni.cpp, line 539]
Event: 1.119 Thread 0x00000236fe8f4c40 Exception <a 'java/lang/ClassNotFoundException'{0x0000000712080f60}: com/sun/javafx/scene/control/skin/resources/controls_pl> (0x0000000712080f60) 
thrown [s\src\hotspot\share\prims\jni.cpp, line 539]
Event: 1.119 Thread 0x00000236fe8f4c40 Exception <a 'java/lang/ClassNotFoundException'{0x0000000712081f08}: com/sun/javafx/scene/control/skin/resources/controls_pl_PL> (0x0000000712081f08) 
thrown [s\src\hotspot\share\prims\jni.cpp, line 539]
Event: 1.137 Thread 0x00000236fe8f4c40 Exception <a 'java/lang/NoSuchMethodError'{0x0000000711e62148}: 'void java.lang.invoke.DirectMethodHandle$Holder.invokeSpecial(java.lang.Object, java.lang.Object, java.lang.Object, java.lang.Object, java.lang.Object, java.lang.Object)'> (0x0000000711e62148) 
thrown [s\src\hotspot\share\interpreter\linkResolver.cpp, line 773]
Event: 1.154 Thread 0x00000236fe8f4c40 Exception <a 'java/lang/IncompatibleClassChangeError'{0x0000000711dcd160}: Found class java.lang.Object, but interface was expected> (0x0000000711dcd160) 
thrown [s\src\hotspot\share\interpreter\linkResolver.cpp, line 840]
Event: 1.183 Thread 0x00000236fe8f4c40 Exception <a 'java/lang/NoSuchMethodError'{0x0000000711ba0d18}: 'int java.lang.invoke.DirectMethodHandle$Holder.invokeSpecial(java.lang.Object, java.lang.Object, int)'> (0x0000000711ba0d18) 
thrown [s\src\hotspot\share\interpreter\linkResolver.cpp, line 773]
Event: 1.191 Thread 0x00000236fe8f4c40 Exception <a 'java/lang/NoSuchMethodError'{0x0000000711be3c30}: 'java.lang.Object java.lang.invoke.DirectMethodHandle$Holder.newInvokeSpecial(java.lang.Object, java.lang.Object, int)'> (0x0000000711be3c30) 
thrown [s\src\hotspot\share\interpreter\linkResolver.cpp, line 773]
Event: 1.218 Thread 0x00000236fe8f4c40 Exception <a 'java/lang/NoSuchMethodError'{0x0000000711940900}: 'long java.lang.invoke.DirectMethodHandle$Holder.invokeStatic(java.lang.Object, java.lang.Object, java.lang.Object)'> (0x0000000711940900) 
thrown [s\src\hotspot\share\interpreter\linkResolver.cpp, line 773]
Event: 1.218 Thread 0x00000236fe8f4c40 Exception <a 'java/lang/NoSuchMethodError'{0x0000000711943d10}: 'long java.lang.invoke.DirectMethodHandle$Holder.invokeStaticInit(java.lang.Object, java.lang.Object, java.lang.Object)'> (0x0000000711943d10) 
thrown [s\src\hotspot\share\interpreter\linkResolver.cpp, line 773]
Event: 6.901 Thread 0x00000236fe8f4c40 Exception <a 'java/lang/NoSuchMethodError'{0x0000000711332d10}: 'java.lang.Object java.lang.invoke.DirectMethodHandle$Holder.invokeSpecial(java.lang.Object, java.lang.Object, int, java.lang.Object, long)'> (0x0000000711332d10) 
thrown [s\src\hotspot\share\interpreter\linkResolver.cpp, line 773]
Event: 6.929 Thread 0x00000236fe8f4c40 Exception <a 'java/lang/NoSuchMethodError'{0x0000000705af4a60}: 'java.lang.Object java.lang.invoke.DirectMethodHandle$Holder.invokeSpecial(java.lang.Object, java.lang.Object, java.lang.Object, java.lang.Object, int)'> (0x0000000705af4a60) 
thrown [s\src\hotspot\share\interpreter\linkResolver.cpp, line 773]
Event: 6.929 Thread 0x00000236fe8f4c40 Exception <a 'java/lang/NoSuchMethodError'{0x0000000705af81a8}: 'java.lang.Object java.lang.invoke.Invokers$Holder.linkToTargetMethod(java.lang.Object, java.lang.Object, int, java.lang.Object)'> (0x0000000705af81a8) 
thrown [s\src\hotspot\share\interpreter\linkResolver.cpp, line 773]
Event: 6.936 Thread 0x00000236fe8f4c40 Exception <a 'java/io/FileNotFoundException'{0x0000000705b487f8}> (0x0000000705b487f8) 
thrown [s\src\hotspot\share\prims\jni.cpp, line 520]
Event: 7.005 Thread 0x00000236feccd3c0 Exception <a 'java/lang/NoSuchMethodError'{0x000000070529ab58}: 'java.lang.Object java.lang.invoke.DirectMethodHandle$Holder.invokeStaticInit(java.lang.Object, int)'> (0x000000070529ab58) 
thrown [s\src\hotspot\share\interpreter\linkResolver.cpp, line 773]
Event: 9.881 Thread 0x00000236fe8f4c40 Exception <a 'java/lang/NoSuchMethodError'{0x000000070501a6a8}: 'java.lang.Object java.lang.invoke.DelegatingMethodHandle$Holder.reinvoke_L(java.lang.Object, double, double, double, double)'> (0x000000070501a6a8) 
thrown [s\src\hotspot\share\interpreter\linkResolver.cpp, line 773]
Event: 9.882 Thread 0x00000236fe8f4c40 Exception <a 'java/lang/NoSuchMethodError'{0x00000007050255a0}: 'java.lang.Object java.lang.invoke.DirectMethodHandle$Holder.invokeStatic(java.lang.Object, java.lang.Object, int)'> (0x00000007050255a0) 
thrown [s\src\hotspot\share\interpreter\linkResolver.cpp, line 773]
Event: 9.882 Thread 0x00000236fe8f4c40 Exception <a 'java/lang/NoSuchMethodError'{0x0000000705029458}: 'void java.lang.invoke.DirectMethodHandle$Holder.invokeStatic(java.lang.Object, java.lang.Object, int, java.lang.Object)'> (0x0000000705029458) 
thrown [s\src\hotspot\share\interpreter\linkResolver.cpp, line 773]
Event: 9.882 Thread 0x00000236fe8f4c40 Exception <a 'java/lang/NoSuchMethodError'{0x00000007050301b8}: 'void java.lang.invoke.DelegatingMethodHandle$Holder.delegate(java.lang.Object, java.lang.Object, int, java.lang.Object)'> (0x00000007050301b8) 
thrown [s\src\hotspot\share\interpreter\linkResolver.cpp, line 773]
Event: 9.885 Thread 0x00000236fe8f4c40 Exception <a 'sun/nio/fs/WindowsException'{0x0000000705052f00}> (0x0000000705052f00) 
thrown [s\src\hotspot\share\prims\jni.cpp, line 520]
Event: 9.891 Thread 0x00000236fe8f4c40 Exception <a 'java/io/FileNotFoundException'{0x000000070507ca40}> (0x000000070507ca40) 
thrown [s\src\hotspot\share\prims\jni.cpp, line 520]

ZGC Phase Switch (0 events):
No events

VM Operations (20 events):
Event: 49.030 Executing VM operation: Cleanup done
Event: 60.190 Executing VM operation: HandshakeAllThreads (HandshakeForDeflation)
Event: 60.190 Executing VM operation: HandshakeAllThreads (HandshakeForDeflation) done
Event: 60.190 Executing VM operation: RendezvousGCThreads
Event: 60.190 Executing VM operation: RendezvousGCThreads done
Event: 61.190 Executing VM operation: Cleanup
Event: 61.190 Executing VM operation: Cleanup done
Event: 62.190 Executing VM operation: Cleanup
Event: 62.190 Executing VM operation: Cleanup done
Event: 63.191 Executing VM operation: Cleanup
Event: 63.191 Executing VM operation: Cleanup done
Event: 65.192 Executing VM operation: Cleanup
Event: 65.192 Executing VM operation: Cleanup done
Event: 74.197 Executing VM operation: Cleanup
Event: 74.197 Executing VM operation: Cleanup done
Event: 79.199 Executing VM operation: Cleanup
Event: 79.199 Executing VM operation: Cleanup done
Event: 81.200 Executing VM operation: Cleanup
Event: 81.200 Executing VM operation: Cleanup done
Event: 87.746 Executing VM operation: Exit

Memory protections (0 events):
No events

Nmethod flushes (0 events):
No events

Events (20 events):
Event: 0.503 Thread 0x00000236eb781cd0 Thread added: 0x00000236ff361310
Event: 0.505 Thread 0x00000236eb781cd0 Thread added: 0x00000236fe8f4c40
Event: 0.635 Thread 0x00000236fe173ff0 Thread exited: 0x00000236fe173ff0
Event: 0.635 Thread 0x00000236fe295450 Thread exited: 0x00000236fe295450
Event: 0.657 Thread 0x00000236fe055fd0 Thread added: 0x00000236d9290cf0
Event: 0.665 Thread 0x00000236eb781cd0 Thread added: 0x00000236fe8e5a90
Event: 0.672 Thread 0x00000236fe8e67b0 Thread added: 0x00000236fe8e67b0
Event: 0.959 Thread 0x00000236fe8f4c40 Thread added: 0x00000236fe8e81f0
Event: 0.984 Thread 0x00000236fe056a60 Thread added: 0x00000236d9448f90
Event: 1.248 Thread 0x00000236feccd3c0 Thread added: 0x00000236fe8e6120
Event: 1.456 Thread 0x00000236d9448f90 Thread exited: 0x00000236d9448f90
Event: 1.456 Thread 0x00000236d9290cf0 Thread exited: 0x00000236d9290cf0
Event: 13.040 Thread 0x00000236fe055fd0 Thread added: 0x00000236ff48a660
Event: 14.060 Thread 0x00000236ff48a660 Thread exited: 0x00000236ff48a660
Event: 87.744 Thread 0x00000236fe036f70 Thread added: 0x00000236fe8e6e40
Event: 87.744 Thread 0x00000236fe8e6e40 Thread added: 0x00000236fe8e7b60
Event: 87.744 Thread 0x00000236fe8e6e40 Thread added: 0x00000236fe611c00
Event: 87.745 Thread 0x00000236fe8e7b60 Thread exited: 0x00000236fe8e7b60
Event: 87.745 Thread 0x00000236fe611c00 Thread exited: 0x00000236fe611c00
Event: 87.746 Thread 0x00000236fe8e6e40 Before exit entered


Dynamic libraries:
0x00007ff69c660000 - 0x00007ff69c66e000 	C:\Users\dawid\.jdks\corretto-21.0.5\bin\java.exe
0x00007ffbcec50000 - 0x00007ffbcee67000 	C:\WINDOWS\SYSTEM32\ntdll.dll
0x00007ffb5fd30000 - 0x00007ffb5fd4a000 	C:\Program Files\Avast Software\Avast\aswhook.dll
0x00007ffbcde70000 - 0x00007ffbcdf34000 	C:\WINDOWS\System32\KERNEL32.DLL
0x00007ffbcbfc0000 - 0x00007ffbcc37a000 	C:\WINDOWS\System32\KERNELBASE.dll
0x00007ffbcc6c0000 - 0x00007ffbcc7d1000 	C:\WINDOWS\System32\ucrtbase.dll
0x00007ffbc7f30000 - 0x00007ffbc7f48000 	C:\Users\dawid\.jdks\corretto-21.0.5\bin\jli.dll
0x00007ffbc8130000 - 0x00007ffbc814b000 	C:\Users\dawid\.jdks\corretto-21.0.5\bin\VCRUNTIME140.dll
0x00007ffbcea60000 - 0x00007ffbcec0e000 	C:\WINDOWS\System32\USER32.dll
0x00007ffbcc690000 - 0x00007ffbcc6b6000 	C:\WINDOWS\System32\win32u.dll
0x00007ffbbb460000 - 0x00007ffbbb6f2000 	C:\WINDOWS\WinSxS\amd64_microsoft.windows.common-controls_6595b64144ccf1df_6.0.22621.4541_none_2710d1c57384c085\COMCTL32.dll
0x00007ffbcd410000 - 0x00007ffbcd439000 	C:\WINDOWS\System32\GDI32.dll
0x00007ffbcc470000 - 0x00007ffbcc58b000 	C:\WINDOWS\System32\gdi32full.dll
0x00007ffbcdf40000 - 0x00007ffbcdfe7000 	C:\WINDOWS\System32\msvcrt.dll
0x00007ffbcbf20000 - 0x00007ffbcbfba000 	C:\WINDOWS\System32\msvcp_win.dll
0x00007ffbcd8e0000 - 0x00007ffbcd911000 	C:\WINDOWS\System32\IMM32.DLL
0x00007ffbc8120000 - 0x00007ffbc812c000 	C:\Users\dawid\.jdks\corretto-21.0.5\bin\vcruntime140_1.dll
0x00007ffbbac10000 - 0x00007ffbbac9d000 	C:\Users\dawid\.jdks\corretto-21.0.5\bin\msvcp140.dll
0x00007ffb6fd30000 - 0x00007ffb70acd000 	C:\Users\dawid\.jdks\corretto-21.0.5\bin\server\jvm.dll
0x00007ffbce830000 - 0x00007ffbce8e2000 	C:\WINDOWS\System32\ADVAPI32.dll
0x00007ffbcd450000 - 0x00007ffbcd4f7000 	C:\WINDOWS\System32\sechost.dll
0x00007ffbcc440000 - 0x00007ffbcc468000 	C:\WINDOWS\System32\bcrypt.dll
0x00007ffbcd650000 - 0x00007ffbcd764000 	C:\WINDOWS\System32\RPCRT4.dll
0x00007ffbce790000 - 0x00007ffbce801000 	C:\WINDOWS\System32\WS2_32.dll
0x00007ffbcadb0000 - 0x00007ffbcadfd000 	C:\WINDOWS\SYSTEM32\POWRPROF.dll
0x00007ffbc4860000 - 0x00007ffbc4894000 	C:\WINDOWS\SYSTEM32\WINMM.dll
0x00007ffbc43e0000 - 0x00007ffbc43ea000 	C:\WINDOWS\SYSTEM32\VERSION.dll
0x00007ffbcad90000 - 0x00007ffbcada3000 	C:\WINDOWS\SYSTEM32\UMPDC.dll
0x00007ffbcafb0000 - 0x00007ffbcafc8000 	C:\WINDOWS\SYSTEM32\kernel.appcore.dll
0x00007ffbc8040000 - 0x00007ffbc804a000 	C:\Users\dawid\.jdks\corretto-21.0.5\bin\jimage.dll
0x00007ffbc38e0000 - 0x00007ffbc3b12000 	C:\WINDOWS\SYSTEM32\DBGHELP.DLL
0x00007ffbcdff0000 - 0x00007ffbce37f000 	C:\WINDOWS\System32\combase.dll
0x00007ffbce8f0000 - 0x00007ffbce9c7000 	C:\WINDOWS\System32\OLEAUT32.dll
0x00007ffbc3870000 - 0x00007ffbc38a2000 	C:\WINDOWS\SYSTEM32\dbgcore.DLL
0x00007ffbcc610000 - 0x00007ffbcc68b000 	C:\WINDOWS\System32\bcryptPrimitives.dll
0x00007ffbc7e80000 - 0x00007ffbc7e8e000 	C:\Users\dawid\.jdks\corretto-21.0.5\bin\instrument.dll
0x00007ffbc7ef0000 - 0x00007ffbc7f0f000 	C:\Users\dawid\.jdks\corretto-21.0.5\bin\java.dll
0x00007ffbccb10000 - 0x00007ffbcd388000 	C:\WINDOWS\System32\SHELL32.dll
0x00007ffbc9e70000 - 0x00007ffbca778000 	C:\WINDOWS\SYSTEM32\windows.storage.dll
0x00007ffbc9d30000 - 0x00007ffbc9e6f000 	C:\WINDOWS\SYSTEM32\wintypes.dll
0x00007ffbce5c0000 - 0x00007ffbce6ba000 	C:\WINDOWS\System32\SHCORE.dll
0x00007ffbcdda0000 - 0x00007ffbcddfe000 	C:\WINDOWS\System32\shlwapi.dll
0x00007ffbcbe50000 - 0x00007ffbcbe7b000 	C:\WINDOWS\SYSTEM32\profapi.dll
0x00007ffbbaa90000 - 0x00007ffbbab67000 	C:\Users\dawid\.jdks\corretto-21.0.5\bin\jsvml.dll
0x00007ffbc7e70000 - 0x00007ffbc7e80000 	C:\Users\dawid\.jdks\corretto-21.0.5\bin\net.dll
0x00007ffbc7220000 - 0x00007ffbc7356000 	C:\WINDOWS\SYSTEM32\WINHTTP.dll
0x00007ffbcb4d0000 - 0x00007ffbcb539000 	C:\WINDOWS\system32\mswsock.dll
0x00007ffbc75c0000 - 0x00007ffbc75d6000 	C:\Users\dawid\.jdks\corretto-21.0.5\bin\nio.dll
0x00007ffbc75a0000 - 0x00007ffbc75b8000 	C:\Users\dawid\.jdks\corretto-21.0.5\bin\zip.dll
0x00007ffbc7580000 - 0x00007ffbc759a000 	C:\Program Files\JetBrains\IntelliJ IDEA 2024.3.1\bin\breakgen64.dll
0x00000236ffc10000 - 0x00000236ffc13000 	C:\Users\dawid\.openjfx\cache\17.0.6\api-ms-win-core-console-l1-1-0.dll
0x00000236ffc40000 - 0x00000236ffc43000 	C:\Users\dawid\.openjfx\cache\17.0.6\api-ms-win-core-console-l1-2-0.dll
0x00000236ffc50000 - 0x00000236ffc53000 	C:\Users\dawid\.openjfx\cache\17.0.6\api-ms-win-core-datetime-l1-1-0.dll
0x00000236ffd70000 - 0x00000236ffd73000 	C:\Users\dawid\.openjfx\cache\17.0.6\api-ms-win-core-debug-l1-1-0.dll
0x00000236ffc20000 - 0x00000236ffc23000 	C:\Users\dawid\.openjfx\cache\17.0.6\api-ms-win-core-errorhandling-l1-1-0.dll
0x00000236ffc30000 - 0x00000236ffc34000 	C:\Users\dawid\.openjfx\cache\17.0.6\api-ms-win-core-file-l1-1-0.dll
0x00000236ffd80000 - 0x00000236ffd83000 	C:\Users\dawid\.openjfx\cache\17.0.6\api-ms-win-core-file-l1-2-0.dll
0x00000236ffd90000 - 0x00000236ffd93000 	C:\Users\dawid\.openjfx\cache\17.0.6\api-ms-win-core-file-l2-1-0.dll
0x00000236ffda0000 - 0x00000236ffda3000 	C:\Users\dawid\.openjfx\cache\17.0.6\api-ms-win-core-handle-l1-1-0.dll
0x00000236ffc60000 - 0x00000236ffc63000 	C:\Users\dawid\.openjfx\cache\17.0.6\api-ms-win-core-heap-l1-1-0.dll
0x00000236ffc70000 - 0x00000236ffc73000 	C:\Users\dawid\.openjfx\cache\17.0.6\api-ms-win-core-interlocked-l1-1-0.dll
0x00000236ffc80000 - 0x00000236ffc83000 	C:\Users\dawid\.openjfx\cache\17.0.6\api-ms-win-core-libraryloader-l1-1-0.dll
0x00000236ffc90000 - 0x00000236ffc93000 	C:\Users\dawid\.openjfx\cache\17.0.6\api-ms-win-core-localization-l1-2-0.dll
0x00000236ffca0000 - 0x00000236ffca3000 	C:\Users\dawid\.openjfx\cache\17.0.6\api-ms-win-core-memory-l1-1-0.dll
0x00000236ffcb0000 - 0x00000236ffcb3000 	C:\Users\dawid\.openjfx\cache\17.0.6\api-ms-win-core-namedpipe-l1-1-0.dll
0x00000236ffcc0000 - 0x00000236ffcc3000 	C:\Users\dawid\.openjfx\cache\17.0.6\api-ms-win-core-processenvironment-l1-1-0.dll
0x00007ffbcaac0000 - 0x00007ffbcabc2000 	C:\WINDOWS\SYSTEM32\DNSAPI.dll
0x00007ffbcaa90000 - 0x00007ffbcaabd000 	C:\WINDOWS\SYSTEM32\IPHLPAPI.DLL
0x00007ffbce770000 - 0x00007ffbce779000 	C:\WINDOWS\System32\NSI.dll
0x00000236ffcd0000 - 0x00000236ffcd3000 	C:\Users\dawid\.openjfx\cache\17.0.6\api-ms-win-core-processthreads-l1-1-0.dll
0x00007ffbbaca0000 - 0x00007ffbbacaa000 	C:\Windows\System32\rasadhlp.dll
0x00007ffbc4cc0000 - 0x00007ffbc4d43000 	C:\WINDOWS\System32\fwpuclnt.dll
0x00000236ffce0000 - 0x00000236ffce3000 	C:\Users\dawid\.openjfx\cache\17.0.6\api-ms-win-core-processthreads-l1-1-1.dll
0x00000236ffcf0000 - 0x00000236ffcf3000 	C:\Users\dawid\.openjfx\cache\17.0.6\api-ms-win-core-profile-l1-1-0.dll
0x00000236ffd00000 - 0x00000236ffd03000 	C:\Users\dawid\.openjfx\cache\17.0.6\api-ms-win-core-rtlsupport-l1-1-0.dll
0x00007ffbc6420000 - 0x00007ffbc6429000 	C:\Users\dawid\.jdks\corretto-21.0.5\bin\management.dll
0x00000236ffd10000 - 0x00000236ffd13000 	C:\Users\dawid\.openjfx\cache\17.0.6\api-ms-win-core-string-l1-1-0.dll
0x00000236ffd20000 - 0x00000236ffd23000 	C:\Users\dawid\.openjfx\cache\17.0.6\api-ms-win-core-synch-l1-1-0.dll
0x00000236ffd30000 - 0x00000236ffd33000 	C:\Users\dawid\.openjfx\cache\17.0.6\api-ms-win-core-synch-l1-2-0.dll
0x00000236ffd40000 - 0x00000236ffd43000 	C:\Users\dawid\.openjfx\cache\17.0.6\api-ms-win-core-sysinfo-l1-1-0.dll
0x00007ffbc6410000 - 0x00007ffbc641b000 	C:\Users\dawid\.jdks\corretto-21.0.5\bin\management_ext.dll
0x00007ffbce780000 - 0x00007ffbce788000 	C:\WINDOWS\System32\PSAPI.DLL
0x00000236ffd50000 - 0x00000236ffd53000 	C:\Users\dawid\.openjfx\cache\17.0.6\api-ms-win-core-timezone-l1-1-0.dll
0x00000236ffd60000 - 0x00000236ffd63000 	C:\Users\dawid\.openjfx\cache\17.0.6\api-ms-win-core-util-l1-1-0.dll
0x00000236ffdb0000 - 0x00000236ffdb3000 	C:\Users\dawid\.openjfx\cache\17.0.6\api-ms-win-crt-conio-l1-1-0.dll
0x00000236ffdc0000 - 0x00000236ffdc4000 	C:\Users\dawid\.openjfx\cache\17.0.6\api-ms-win-crt-convert-l1-1-0.dll
0x00000236ffdd0000 - 0x00000236ffdd3000 	C:\Users\dawid\.openjfx\cache\17.0.6\api-ms-win-crt-environment-l1-1-0.dll
0x00000236ffde0000 - 0x00000236ffde3000 	C:\Users\dawid\.openjfx\cache\17.0.6\api-ms-win-crt-filesystem-l1-1-0.dll
0x00000236ffdf0000 - 0x00000236ffdf3000 	C:\Users\dawid\.openjfx\cache\17.0.6\api-ms-win-crt-heap-l1-1-0.dll
0x00000236ffe00000 - 0x00000236ffe03000 	C:\Users\dawid\.openjfx\cache\17.0.6\api-ms-win-crt-locale-l1-1-0.dll
0x00000236ffe10000 - 0x00000236ffe15000 	C:\Users\dawid\.openjfx\cache\17.0.6\api-ms-win-crt-math-l1-1-0.dll
0x00000236ffe20000 - 0x00000236ffe25000 	C:\Users\dawid\.openjfx\cache\17.0.6\api-ms-win-crt-multibyte-l1-1-0.dll
0x00000236ffe30000 - 0x00000236ffe40000 	C:\Users\dawid\.openjfx\cache\17.0.6\api-ms-win-crt-private-l1-1-0.dll
0x00000236ffe40000 - 0x00000236ffe43000 	C:\Users\dawid\.openjfx\cache\17.0.6\api-ms-win-crt-process-l1-1-0.dll
0x00000236ffe50000 - 0x00000236ffe54000 	C:\Users\dawid\.openjfx\cache\17.0.6\api-ms-win-crt-runtime-l1-1-0.dll
0x00000236ffe60000 - 0x00000236ffe64000 	C:\Users\dawid\.openjfx\cache\17.0.6\api-ms-win-crt-stdio-l1-1-0.dll
0x00000236ffe70000 - 0x00000236ffe74000 	C:\Users\dawid\.openjfx\cache\17.0.6\api-ms-win-crt-string-l1-1-0.dll
0x00000236ffe80000 - 0x00000236ffe83000 	C:\Users\dawid\.openjfx\cache\17.0.6\api-ms-win-crt-time-l1-1-0.dll
0x00000236ffe90000 - 0x00000236ffe93000 	C:\Users\dawid\.openjfx\cache\17.0.6\api-ms-win-crt-utility-l1-1-0.dll
0x00007ffba8a80000 - 0x00007ffba8b7c000 	C:\Users\dawid\.openjfx\cache\17.0.6\ucrtbase.dll
0x00007ffbc5110000 - 0x00007ffbc512a000 	C:\Users\dawid\.openjfx\cache\17.0.6\vcruntime140.dll
0x00007ffbc6400000 - 0x00007ffbc640c000 	C:\Users\dawid\.openjfx\cache\17.0.6\vcruntime140_1.dll
0x00007ffbabbc0000 - 0x00007ffbabc4d000 	C:\Users\dawid\.openjfx\cache\17.0.6\msvcp140.dll
0x00007ffbc5100000 - 0x00007ffbc5109000 	C:\Users\dawid\.openjfx\cache\17.0.6\msvcp140_1.dll
0x00007ffbc50d0000 - 0x00007ffbc50ff000 	C:\Users\dawid\.openjfx\cache\17.0.6\msvcp140_2.dll
0x00007ffbc5050000 - 0x00007ffbc507a000 	C:\Users\dawid\.openjfx\cache\17.0.6\prism_d3d.dll
0x00007ffb9c0b0000 - 0x00007ffb9c258000 	C:\WINDOWS\system32\d3d9.dll
0x00007ffbc9600000 - 0x00007ffbc962b000 	C:\WINDOWS\SYSTEM32\dwmapi.dll
0x00007ffbc9670000 - 0x00007ffbc96a7000 	C:\WINDOWS\SYSTEM32\dxcore.dll
0x00007ffbc9370000 - 0x00007ffbc9421000 	C:\WINDOWS\system32\uxtheme.dll
0x00007ffbc44a0000 - 0x00007ffbc44e9000 	C:\WINDOWS\SYSTEM32\directxdatabasehelper.dll
0x00007ffbcb780000 - 0x00007ffbcb792000 	C:\WINDOWS\SYSTEM32\msasn1.dll
0x00007ffbc4230000 - 0x00007ffbc4262000 	C:\WINDOWS\SYSTEM32\cryptnet.dll
0x00007ffbcc7e0000 - 0x00007ffbcc946000 	C:\WINDOWS\System32\CRYPT32.dll
0x00007ffbcb740000 - 0x00007ffbcb74c000 	C:\WINDOWS\SYSTEM32\cryptbase.dll
0x00007ffbcc590000 - 0x00007ffbcc602000 	C:\WINDOWS\System32\wintrust.dll
0x00007ffbce810000 - 0x00007ffbce82f000 	C:\WINDOWS\System32\imagehlp.dll
0x00007ffbcb720000 - 0x00007ffbcb73b000 	C:\WINDOWS\SYSTEM32\CRYPTSP.dll
0x00007ffbcafd0000 - 0x00007ffbcb005000 	C:\WINDOWS\system32\rsaenh.dll
0x00007ffbcb5c0000 - 0x00007ffbcb5e8000 	C:\WINDOWS\SYSTEM32\USERENV.dll
0x00007ffbae930000 - 0x00007ffbae947000 	C:\WINDOWS\system32\napinsp.dll
0x00007ffbae910000 - 0x00007ffbae92b000 	C:\WINDOWS\system32\pnrpnsp.dll
0x00007ffbae6e0000 - 0x00007ffbae6f1000 	C:\WINDOWS\System32\winrnr.dll
0x00007ffbc4e00000 - 0x00007ffbc4e15000 	C:\WINDOWS\system32\wshbth.dll
0x00007ffbae1b0000 - 0x00007ffbae1d7000 	C:\WINDOWS\system32\nlansp_c.dll
0x00007ffbc4b80000 - 0x00007ffbc4bc2000 	C:\Users\dawid\.openjfx\cache\17.0.6\glass.dll
0x00007ffbcd550000 - 0x00007ffbcd650000 	C:\WINDOWS\System32\COMDLG32.dll
0x00007ffbce380000 - 0x00007ffbce525000 	C:\WINDOWS\System32\ole32.dll

dbghelp: loaded successfully - version: 4.0.5 - missing functions: none
symbol engine: initialized successfully - sym options: 0x614 - pdb path: .;C:\Users\dawid\.jdks\corretto-21.0.5\bin;C:\WINDOWS\SYSTEM32;C:\Program Files\Avast Software\Avast;C:\WINDOWS\WinSxS\amd64_microsoft.windows.common-controls_6595b64144ccf1df_6.0.22621.4541_none_2710d1c57384c085;C:\Users\dawid\.jdks\corretto-21.0.5\bin\server;C:\Program Files\JetBrains\IntelliJ IDEA 2024.3.1\bin;C:\Users\dawid\.openjfx\cache\17.0.6;C:\WINDOWS\System32\DriverStore\FileRepository\nvcvi.inf_amd64_fde59a8431b0dd00;C:\WINDOWS\System32\DriverStore\FileRepository\iigd_dch.inf_amd64_7510514be791188f;C:\Users\dawid\AppData\Local\Temp;C:\Program Files\Common Files\Microsoft Shared\Ink

VM Arguments:
jvm_args: -javaagent:C:\Program Files\JetBrains\IntelliJ IDEA 2024.3.1\lib\idea_rt.jar=57772:C:\Program Files\JetBrains\IntelliJ IDEA 2024.3.1\bin -Dfile.encoding=UTF-8 -Dsun.stdout.encoding=UTF-8 -Dsun.stderr.encoding=UTF-8 --module-path=C:\Users\dawid\.m2\repository\org\kordamp\ikonli\ikonli-core\12.3.1\ikonli-core-12.3.1.jar;C:\Users\dawid\.m2\repository\org\controlsfx\controlsfx\11.2.1\controlsfx-11.2.1.jar;C:\Users\dawid\.m2\repository\org\slf4j\slf4j-api\2.0.9\slf4j-api-2.0.9.jar;C:\Users\dawid\.m2\repository\com\dlsc\formsfx\formsfx-core\11.6.0\formsfx-core-11.6.0.jar;C:\Users\dawid\.m2\repository\org\openjfx\javafx-web\17.0.6\javafx-web-17.0.6-win.jar;C:\Users\dawid\.m2\repository\org\openjfx\javafx-media\21.0.2\javafx-media-21.0.2-win.jar;C:\Users\dawid\.m2\repository\net\synedra\validatorfx\0.5.0\validatorfx-0.5.0.jar;C:\Users\dawid\.m2\repository\org\openjfx\javafx-fxml\17.0.6\javafx-fxml-17.0.6-win.jar;C:\Users\dawid\.m2\repository\org\xerial\sqlite-jdbc\3.43.2.0\sqlite-jdbc-3.43.2.0.jar;C:\Users\dawid\.m2\repository\org\kordamp\bootstrapfx\bootstrapfx-core\0.4.0\bootstrapfx-core-0.4.0.jar;C:\Users\dawid\.m2\repository\org\openjfx\javafx-graphics\17.0.6\javafx-graphics-17.0.6-win.jar;C:\Users\dawid\IdeaProjects\MementoMori\target\classes;C:\Users\dawid\.m2\repository\org\openjfx\javafx-controls\17.0.6\javafx-controls-17.0.6-win.jar;C:\Users\dawid\.m2\repository\org\openjfx\javafx-base\17.0.6\javafx-base-17.0.6-win.jar;C:\Users\dawid\.m2\repository\org\kordamp\ikonli\ikonli-javafx\12.3.1\ikonli-javafx-12.3.1.jar -Djdk.module.main=com.example.mementomori 
java_command: com.example.mementomori/com.example.mementomori.MementoMori
java_class_path (initial): C:\Users\dawid\.m2\repository\org\openjfx\javafx-controls\17.0.6\javafx-controls-17.0.6.jar;C:\Users\dawid\.m2\repository\org\openjfx\javafx-graphics\17.0.6\javafx-graphics-17.0.6.jar;C:\Users\dawid\.m2\repository\org\openjfx\javafx-base\17.0.6\javafx-base-17.0.6.jar;C:\Users\dawid\.m2\repository\org\openjfx\javafx-fxml\17.0.6\javafx-fxml-17.0.6.jar;C:\Users\dawid\.m2\repository\org\openjfx\javafx-web\17.0.6\javafx-web-17.0.6.jar;C:\Users\dawid\.m2\repository\org\openjfx\javafx-swing\17.0.6\javafx-swing-17.0.6.jar;C:\Users\dawid\.m2\repository\org\openjfx\javafx-swing\17.0.6\javafx-swing-17.0.6-win.jar;C:\Users\dawid\.m2\repository\org\openjfx\javafx-media\21.0.2\javafx-media-21.0.2.jar
Launcher Type: SUN_STANDARD

[Global flags]
     intx CICompilerCount                          = 4                                         {product} {ergonomic}
     uint ConcGCThreads                            = 3                                         {product} {ergonomic}
     uint G1ConcRefinementThreads                  = 10                                        {product} {ergonomic}
   size_t G1HeapRegionSize                         = 2097152                                   {product} {ergonomic}
    uintx GCDrainStackTargetSize                   = 64                                        {product} {ergonomic}
   size_t InitialHeapSize                          = 266338304                                 {product} {ergonomic}
   size_t MarkStackSize                            = 4194304                                   {product} {ergonomic}
   size_t MaxHeapSize                              = 4238344192                                {product} {ergonomic}
   size_t MaxNewSize                               = 2541748224                                {product} {ergonomic}
   size_t MinHeapDeltaBytes                        = 2097152                                   {product} {ergonomic}
   size_t MinHeapSize                              = 8388608                                   {product} {ergonomic}
    uintx NonNMethodCodeHeapSize                   = 5839372                                {pd product} {ergonomic}
    uintx NonProfiledCodeHeapSize                  = 122909434                              {pd product} {ergonomic}
    uintx ProfiledCodeHeapSize                     = 122909434                              {pd product} {ergonomic}
    uintx ReservedCodeCacheSize                    = 251658240                              {pd product} {ergonomic}
     bool SegmentedCodeCache                       = true                                      {product} {ergonomic}
   size_t SoftMaxHeapSize                          = 4238344192                             {manageable} {ergonomic}
     bool UseCompressedOops                        = true                           {product lp64_product} {ergonomic}
     bool UseG1GC                                  = true                                      {product} {ergonomic}
     bool UseLargePagesIndividualAllocation        = false                                  {pd product} {ergonomic}

Logging:
Log output configuration:
 #0: stdout all=off uptime,level,tags foldmultilines=false
 #1: stderr all=off uptime,level,tags foldmultilines=false

Environment Variables:
PATH=C:\Program Files\Common Files\Oracle\Java\javapath;C:\Program Files (x86)\Common Files\Oracle\Java\java8path;C:\Program Files (x86)\Common Files\Oracle\Java\javapath;C:\WINDOWS\system32;C:\WINDOWS;C:\WINDOWS\System32\Wbem;C:\WINDOWS\System32\WindowsPowerShell\v1.0\;C:\WINDOWS\System32\OpenSSH\;C:\Program Files (x86)\NVIDIA Corporation\PhysX\Common;C:\Program Files\Java\jdk-22\bin;C:\msys64\ucrt64\bin;C:\Program Files\PuTTY\;C:\Program Files\Git\cmd;C:\Program Files\Git\mingw64\bin;C:\Program Files\Git\usr\bin;C:\Users\dawid\AppData\Local\Programs\Python\Python313\Scripts\;C:\Users\dawid\AppData\Local\Programs\Python\Python313\;C:\Users\dawid\AppData\Local\Programs\Python\Python312\Scripts\;C:\Users\dawid\AppData\Local\Programs\Python\Python312\;C:\Users\dawid\AppData\Local\Microsoft\WindowsApps;C:\Program Files\Java\jdk-22\bin;C:\Users\dawid\AppData\Local\Programs\Microsoft VS Code\bin;C:\Program Files\JetBrains\PyCharm 2024.2.3\bin;;C:\Program Files\JetBrains\CLion 2024.3\bin;;C:\Program Files\JetBrains\IntelliJ IDEA 2024.3.1\bin;;C:\Users\dawid\AppData\Local\GitHubDesktop\bin
USERNAME=dawid
OS=Windows_NT
PROCESSOR_IDENTIFIER=Intel64 Family 6 Model 141 Stepping 1, GenuineIntel
TMP=C:\Users\dawid\AppData\Local\Temp
TEMP=C:\Users\dawid\AppData\Local\Temp




Periodic native trim disabled

---------------  S Y S T E M  ---------------

OS:
 Windows 11 , 64 bit Build 22621 (10.0.22621.4391)
OS uptime: 22 days 2:21 hours

CPU: total 12 (initial active 12) (6 cores per cpu, 2 threads per core) family 6 model 141 stepping 1 microcode 0x3c, cx8, cmov, fxsr, ht, mmx, 3dnowpref, sse, sse2, sse3, ssse3, sse4.1, sse4.2, popcnt, lzcnt, tsc, tscinvbit, avx, avx2, aes, erms, clmul, bmi1, bmi2, adx, avx512f, avx512dq, avx512cd, avx512bw, avx512vl, sha, fma, vzeroupper, avx512_vpopcntdq, avx512_vpclmulqdq, avx512_vaes, avx512_vnni, clflush, clflushopt, clwb, avx512_vbmi2, avx512_vbmi, rdtscp, rdpid, fsrm, gfni, avx512_bitalg, f16c, pku, cet_ibt, cet_ss, avx512_ifma
Processor Information for all 12 processors :
  Max Mhz: 2688, Current Mhz: 2688, Mhz Limit: 2688

Memory: 4k page, system-wide physical 16163M (3918M free)
TotalPageFile size 26403M (AvailPageFile size 9672M)
current process WorkingSet (physical memory assigned to process): 146M, peak: 206M
current process commit charge ("private bytes"): 239M, peak: 502M

vm_info: OpenJDK 64-Bit Server VM (21.0.5+11-LTS) for windows-amd64 JRE (21.0.5+11-LTS), built on 2024-10-11T20:58:34Z by "Administrator" with MS VC++ 16.10 / 16.11 (VS2019)

END.
